<?xml version="1.0" encoding="UTF-8"?>
<!-- Generated by org.testng.reporters.JUnitReportReporter -->
<testsuite hostname="DESKTOP-H6ICE1A" failures="0" tests="3" name="com.nopcommerce.demo.testsuite.RegisterPageTest" time="60.441" errors="0" timestamp="2023-12-12T12:20:13 GMT" skipped="0">
  <testcase classname="com.nopcommerce.demo.testsuite.RegisterPageTest" name="verifyUserShouldNavigateToRegisterPageSuccessfully" time="14.277"/>
  <testcase classname="com.nopcommerce.demo.testsuite.RegisterPageTest" name="verifyThatFirstNameLastNameEmailPasswordAndConfirmPasswordFieldsAreMandatory" time="13.603"/>
  <testcase classname="com.nopcommerce.demo.testsuite.RegisterPageTest" name="verifyThatUserShouldCreateAccountSuccessfully" time="32.561"/>
</testsuite> <!-- com.nopcommerce.demo.testsuite.RegisterPageTest -->
