<?xml version="1.0" encoding="UTF-8"?>
<!-- Generated by org.testng.reporters.JUnitReportReporter -->
<testsuite hostname="DESKTOP-H6ICE1A" failures="0" tests="5" name="com.nopcommerce.demo.testsuite.ComputerPageTest" time="87.378" errors="0" timestamp="2023-12-12T12:20:13 GMT" skipped="0">
  <testcase classname="com.nopcommerce.demo.testsuite.ComputerPageTest" name="verifyUserShouldNavigateToComputerPageSuccessfully" time="11.515"/>
  <testcase classname="com.nopcommerce.demo.testsuite.ComputerPageTest" name="verifyUserShouldNavigateToDesktopsPageSuccessfully" time="13.101"/>
  <testcase classname="com.nopcommerce.demo.testsuite.ComputerPageTest" name="verifyThatUserShouldBuildYourOwnComputerAndAddToCartSuccessfully" time="24.151"/>
  <testcase classname="com.nopcommerce.demo.testsuite.ComputerPageTest" name="verifyThatUserShouldBuildYourOwnComputerAndAddToCartSuccessfully" time="20.405"/>
  <testcase classname="com.nopcommerce.demo.testsuite.ComputerPageTest" name="verifyThatUserShouldBuildYourOwnComputerAndAddToCartSuccessfully" time="18.206"/>
</testsuite> <!-- com.nopcommerce.demo.testsuite.ComputerPageTest -->
